<?xml version="1.0" encoding="UTF-8"?>
<!-- Generated by org.testng.reporters.JUnitReportReporter -->
<testsuite hostname="sagar" failures="0" tests="2" name="Module1_Home_TestClass.Insurance_TestClass" time="23.561" errors="0" timestamp="2024-01-12T10:54:57 IST" skipped="0">
  <testcase classname="Module1_Home_TestClass.Insurance_TestClass" name="verifyEmail" time="12.012"/>
  <testcase classname="Module1_Home_TestClass.Insurance_TestClass" name="VerifyTitle" time="11.549"/>
</testsuite> <!-- Module1_Home_TestClass.Insurance_TestClass -->
